
==== New Audio Monitoring Session Started ====
[2025-11-11 14:05:23] sound
[2025-11-11 14:05:33] sound
[2025-11-11 14:06:02] sound
[2025-11-11 14:06:10] no_face
[2025-11-11 14:06:10] no_face
[2025-11-11 14:06:10] no_face
[2025-11-11 14:06:10] no_face
[2025-11-11 14:06:10] no_face
[2025-11-11 14:06:10] no_face
[2025-11-11 14:06:10] no_face
[2025-11-11 14:06:10] no_face
[2025-11-11 14:06:10] no_face
[2025-11-11 14:06:10] no_face
[2025-11-11 14:06:10] no_face
[2025-11-11 14:06:10] no_face
[2025-11-11 14:06:10] no_face
[2025-11-11 14:06:10] no_face
[2025-11-11 14:06:11] no_face
[2025-11-11 14:06:11] no_face
[2025-11-11 14:06:11] no_face
[2025-11-11 14:06:11] no_face
[2025-11-11 14:06:11] no_face
[2025-11-11 14:06:11] no_face
[2025-11-11 14:06:11] no_face
[2025-11-11 14:06:11] no_face
[2025-11-11 14:06:11] no_face
[2025-11-11 14:06:13] no_face
[2025-11-11 14:06:14] no_face
[2025-11-11 14:06:14] no_face
[2025-11-11 14:06:14] no_face
[2025-11-11 14:06:14] no_face
[2025-11-11 14:06:14] no_face
[2025-11-11 14:06:14] no_face
[2025-11-11 14:06:14] no_face
[2025-11-11 14:06:14] no_face
[2025-11-11 14:06:14] no_face
[2025-11-11 14:06:14] no_face
[2025-11-11 14:06:14] no_face
[2025-11-11 14:06:15] no_face
[2025-11-11 14:06:15] no_face
[2025-11-11 14:06:15] no_face
[2025-11-11 14:06:15] no_face
[2025-11-11 14:06:15] no_face
[2025-11-11 14:06:15] no_face
[2025-11-11 14:06:15] no_face
[2025-11-11 14:06:15] no_face
[2025-11-11 14:06:16] no_face
[2025-11-11 14:06:16] no_face
[2025-11-11 14:06:16] no_face
[2025-11-11 14:06:17] no_face
[2025-11-11 14:06:19] sound
[2025-11-11 14:06:20] no_face
[2025-11-11 14:06:20] no_face
[2025-11-11 14:06:21] no_face
[2025-11-11 14:06:21] no_face
[2025-11-11 14:06:21] no_face
[2025-11-11 14:06:21] no_face
[2025-11-11 14:06:21] no_face
[2025-11-11 14:06:21] no_face
[2025-11-11 14:06:21] no_face
[2025-11-11 14:06:21] no_face
[2025-11-11 14:06:21] no_face
[2025-11-11 14:06:21] no_face
[2025-11-11 14:06:21] no_face
[2025-11-11 14:06:21] no_face
[2025-11-11 14:06:21] no_face
[2025-11-11 14:06:22] no_face
[2025-11-11 14:06:22] no_face
[2025-11-11 14:06:22] no_face
[2025-11-11 14:06:22] no_face
[2025-11-11 14:06:22] no_face
[2025-11-11 14:06:22] no_face
[2025-11-11 14:06:22] no_face
[2025-11-11 14:06:22] no_face
[2025-11-11 14:06:22] no_face
[2025-11-11 14:06:22] no_face
[2025-11-11 14:06:23] no_face
[2025-11-11 14:06:23] no_face
[2025-11-11 14:06:23] no_face
[2025-11-11 14:06:23] no_face
[2025-11-11 14:06:23] no_face
[2025-11-11 14:06:23] no_face
[2025-11-11 14:06:23] no_face
[2025-11-11 14:06:23] no_face
[2025-11-11 14:06:23] no_face
[2025-11-11 14:06:23] no_face
[2025-11-11 14:06:23] no_face
[2025-11-11 14:06:23] no_face
[2025-11-11 14:06:23] no_face
[2025-11-11 14:06:24] no_face
[2025-11-11 14:06:24] no_face
[2025-11-11 14:06:24] no_face
[2025-11-11 14:06:24] no_face
[2025-11-11 14:06:24] no_face
[2025-11-11 14:06:24] no_face
[2025-11-11 14:06:24] no_face
[2025-11-11 14:06:24] no_face
[2025-11-11 14:06:24] no_face
[2025-11-11 14:06:24] no_face
[2025-11-11 14:06:24] no_face
[2025-11-11 14:06:25] no_face
[2025-11-11 14:06:25] no_face
[2025-11-11 14:06:25] no_face
[2025-11-11 14:06:25] no_face
[2025-11-11 14:06:25] no_face
[2025-11-11 14:06:25] no_face
[2025-11-11 14:06:25] no_face
[2025-11-11 14:06:25] no_face
[2025-11-11 14:06:25] no_face
[2025-11-11 14:06:25] no_face
[2025-11-11 14:06:27] no_face
[2025-11-11 14:06:27] no_face
[2025-11-11 14:06:28] no_face
[2025-11-11 14:06:28] no_face
[2025-11-11 14:06:28] no_face
[2025-11-11 14:06:28] no_face
[2025-11-11 14:06:28] no_face
[2025-11-11 14:06:28] no_face
[2025-11-11 14:06:29] no_face
[2025-11-11 14:06:29] no_face
[2025-11-11 14:06:29] no_face
[2025-11-11 14:06:29] no_face
[2025-11-11 14:06:29] no_face
[2025-11-11 14:06:29] no_face
[2025-11-11 14:06:29] no_face
[2025-11-11 14:06:29] no_face
[2025-11-11 14:06:30] no_face
[2025-11-11 14:06:30] no_face
[2025-11-11 14:06:30] no_face
[2025-11-11 14:06:30] no_face
[2025-11-11 14:06:30] no_face
[2025-11-11 14:06:30] no_face
[2025-11-11 14:06:30] no_face
[2025-11-11 14:06:30] no_face
[2025-11-11 14:06:30] no_face
[2025-11-11 14:06:30] no_face
[2025-11-11 14:06:30] no_face
[2025-11-11 14:06:30] no_face
[2025-11-11 14:06:30] no_face
[2025-11-11 14:06:30] no_face
[2025-11-11 14:06:30] no_face
[2025-11-11 14:06:31] no_face
[2025-11-11 14:06:31] no_face
[2025-11-11 14:06:31] no_face
[2025-11-11 14:06:31] no_face
[2025-11-11 14:06:31] no_face
[2025-11-11 14:06:31] no_face
[2025-11-11 14:06:31] no_face
[2025-11-11 14:06:31] no_face
[2025-11-11 14:06:31] no_face
[2025-11-11 14:06:31] no_face
[2025-11-11 14:06:31] no_face
[2025-11-11 14:06:31] no_face
[2025-11-11 14:06:31] no_face
[2025-11-11 14:06:32] no_face
[2025-11-11 14:06:32] no_face
[2025-11-11 14:06:32] no_face
[2025-11-11 14:06:32] no_face
[2025-11-11 14:06:32] no_face
[2025-11-11 14:06:32] no_face
[2025-11-11 14:06:32] no_face
[2025-11-11 14:06:32] no_face
[2025-11-11 14:06:32] no_face
[2025-11-11 14:06:32] no_face
[2025-11-11 14:06:32] no_face
[2025-11-11 14:06:33] no_face
[2025-11-11 14:06:33] no_face
[2025-11-11 14:06:33] no_face
[2025-11-11 14:06:33] no_face
[2025-11-11 14:06:33] no_face
[2025-11-11 14:06:33] no_face
[2025-11-11 14:06:33] no_face
[2025-11-11 14:06:33] no_face
[2025-11-11 14:06:34] no_face
[2025-11-11 14:06:34] no_face
[2025-11-11 14:06:34] no_face
[2025-11-11 14:06:34] no_face
[2025-11-11 14:06:34] no_face
[2025-11-11 14:06:34] no_face
[2025-11-11 14:06:34] no_face
[2025-11-11 14:06:34] no_face
[2025-11-11 14:06:34] no_face
[2025-11-11 14:06:35] no_face
[2025-11-11 14:06:35] no_face
[2025-11-11 14:06:35] no_face
[2025-11-11 14:06:35] no_face
[2025-11-11 14:06:35] no_face
[2025-11-11 14:06:35] no_face
[2025-11-11 14:06:35] no_face
[2025-11-11 14:06:35] no_face
[2025-11-11 14:06:35] no_face
[2025-11-11 14:06:35] no_face
[2025-11-11 14:06:36] no_face
[2025-11-11 14:06:36] no_face
[2025-11-11 14:06:36] no_face
[2025-11-11 14:06:36] no_face
[2025-11-11 14:06:36] no_face
[2025-11-11 14:06:36] no_face
[2025-11-11 14:06:36] no_face
[2025-11-11 14:06:36] no_face
[2025-11-11 14:06:36] no_face
[2025-11-11 14:06:36] no_face
[2025-11-11 14:06:36] no_face
[2025-11-11 14:06:36] no_face
[2025-11-11 14:06:36] no_face
[2025-11-11 14:06:37] no_face
[2025-11-11 14:06:37] no_face
[2025-11-11 14:06:37] no_face
[2025-11-11 14:06:37] no_face
[2025-11-11 14:06:37] no_face
[2025-11-11 14:06:37] no_face
[2025-11-11 14:06:37] no_face
[2025-11-11 14:06:37] no_face
[2025-11-11 14:06:37] no_face
[2025-11-11 14:06:37] no_face
[2025-11-11 14:06:37] no_face
[2025-11-11 14:06:37] no_face
[2025-11-11 14:06:37] no_face
[2025-11-11 14:06:37] no_face
[2025-11-11 14:06:37] no_face
[2025-11-11 14:06:37] no_face
[2025-11-11 14:06:37] no_face
[2025-11-11 14:06:37] no_face
[2025-11-11 14:06:37] no_face
[2025-11-11 14:06:38] no_face
[2025-11-11 14:06:38] no_face
[2025-11-11 14:06:38] no_face
[2025-11-11 14:06:38] no_face
[2025-11-11 14:06:38] no_face
[2025-11-11 14:06:38] no_face
[2025-11-11 14:06:38] no_face
[2025-11-11 14:06:38] no_face
[2025-11-11 14:06:38] no_face
[2025-11-11 14:06:38] no_face
[2025-11-11 14:06:38] no_face
[2025-11-11 14:06:38] no_face
[2025-11-11 14:06:38] no_face
[2025-11-11 14:06:39] no_face
[2025-11-11 14:06:39] no_face
[2025-11-11 14:06:40] sound
[2025-11-11 14:06:42] multiple_faces
[2025-11-11 14:06:43] multiple_faces
[2025-11-11 14:06:43] multiple_faces
[2025-11-11 14:06:43] multiple_faces
[2025-11-11 14:06:43] multiple_faces
[2025-11-11 14:06:43] no_face
[2025-11-11 14:06:43] no_face
[2025-11-11 14:06:43] no_face
[2025-11-11 14:06:43] no_face
[2025-11-11 14:06:43] no_face
[2025-11-11 14:06:44] no_face
[2025-11-11 14:06:44] no_face
[2025-11-11 14:06:44] no_face
[2025-11-11 14:06:44] no_face
[2025-11-11 14:06:44] no_face
[2025-11-11 14:06:44] no_face
[2025-11-11 14:06:44] no_face
[2025-11-11 14:06:44] no_face
[2025-11-11 14:06:44] no_face
[2025-11-11 14:06:44] no_face
[2025-11-11 14:06:44] no_face
[2025-11-11 14:06:44] no_face
[2025-11-11 14:06:44] no_face
[2025-11-11 14:06:44] no_face
[2025-11-11 14:06:44] sound
[2025-11-11 14:06:44] no_face
[2025-11-11 14:06:44] no_face
[2025-11-11 14:06:44] no_face
[2025-11-11 14:06:44] no_face
[2025-11-11 14:06:44] no_face
[2025-11-11 14:06:45] no_face
[2025-11-11 14:06:45] no_face
[2025-11-11 14:06:45] no_face
[2025-11-11 14:06:45] no_face
[2025-11-11 14:06:45] no_face
[2025-11-11 14:06:45] no_face
[2025-11-11 14:06:45] no_face
[2025-11-11 14:06:45] no_face
[2025-11-11 14:06:45] no_face
[2025-11-11 14:06:45] no_face
[2025-11-11 14:06:45] no_face
[2025-11-11 14:06:45] no_face
[2025-11-11 14:06:45] no_face
[2025-11-11 14:06:45] no_face
[2025-11-11 14:06:45] no_face
[2025-11-11 14:06:45] no_face
[2025-11-11 14:06:45] no_face
[2025-11-11 14:06:45] no_face
[2025-11-11 14:06:45] no_face
[2025-11-11 14:06:45] no_face
[2025-11-11 14:06:46] no_face
[2025-11-11 14:06:46] no_face
[2025-11-11 14:06:46] no_face
[2025-11-11 14:06:46] no_face
[2025-11-11 14:06:46] no_face
[2025-11-11 14:06:46] no_face
[2025-11-11 14:06:46] no_face
[2025-11-11 14:06:46] no_face
[2025-11-11 14:06:46] no_face
[2025-11-11 14:06:46] no_face
[2025-11-11 14:06:46] no_face
[2025-11-11 14:06:46] no_face
[2025-11-11 14:06:46] no_face
[2025-11-11 14:06:46] no_face
[2025-11-11 14:06:46] no_face
[2025-11-11 14:06:46] no_face
[2025-11-11 14:06:46] no_face
[2025-11-11 14:06:46] no_face
[2025-11-11 14:06:46] no_face
[2025-11-11 14:06:47] no_face
[2025-11-11 14:06:47] no_face
[2025-11-11 14:06:47] no_face
[2025-11-11 14:06:47] no_face
[2025-11-11 14:06:47] no_face
[2025-11-11 14:06:47] no_face
[2025-11-11 14:06:47] no_face
[2025-11-11 14:06:47] no_face
[2025-11-11 14:06:47] no_face
[2025-11-11 14:06:47] no_face
[2025-11-11 14:06:47] no_face
[2025-11-11 14:06:47] no_face
[2025-11-11 14:06:47] no_face
[2025-11-11 14:06:47] no_face
[2025-11-11 14:06:47] no_face
[2025-11-11 14:06:47] no_face
[2025-11-11 14:06:47] no_face
[2025-11-11 14:06:47] no_face
[2025-11-11 14:06:47] no_face
[2025-11-11 14:06:48] no_face
[2025-11-11 14:06:48] no_face
[2025-11-11 14:06:48] no_face
[2025-11-11 14:06:48] no_face
[2025-11-11 14:06:48] no_face
[2025-11-11 14:06:48] no_face
[2025-11-11 14:06:48] no_face
[2025-11-11 14:06:48] no_face
[2025-11-11 14:06:48] no_face
[2025-11-11 14:06:48] no_face
[2025-11-11 14:06:48] no_face
[2025-11-11 14:06:48] no_face
[2025-11-11 14:06:48] no_face
[2025-11-11 14:06:48] no_face
[2025-11-11 14:06:48] no_face
[2025-11-11 14:06:48] no_face
[2025-11-11 14:06:48] no_face
[2025-11-11 14:06:48] no_face
[2025-11-11 14:06:48] no_face
[2025-11-11 14:06:48] no_face
[2025-11-11 14:06:48] sound
[2025-11-11 14:06:49] no_face
[2025-11-11 14:06:49] no_face
[2025-11-11 14:06:49] no_face
[2025-11-11 14:06:49] no_face
[2025-11-11 14:06:49] no_face
[2025-11-11 14:06:49] no_face
[2025-11-11 14:06:49] no_face
[2025-11-11 14:06:49] no_face
[2025-11-11 14:06:49] no_face
[2025-11-11 14:06:49] no_face
[2025-11-11 14:06:49] no_face
[2025-11-11 14:06:49] no_face
[2025-11-11 14:06:49] no_face
[2025-11-11 14:06:49] no_face
[2025-11-11 14:06:49] no_face
[2025-11-11 14:06:49] no_face
[2025-11-11 14:06:49] no_face
[2025-11-11 14:06:49] no_face
[2025-11-11 14:06:50] no_face
[2025-11-11 14:06:50] no_face
[2025-11-11 14:06:50] no_face
[2025-11-11 14:06:50] no_face
[2025-11-11 14:06:50] no_face
[2025-11-11 14:06:50] no_face
[2025-11-11 14:06:50] no_face
[2025-11-11 14:06:50] no_face
[2025-11-11 14:06:50] no_face
[2025-11-11 14:06:51] no_face
[2025-11-11 14:06:52] no_face
[2025-11-11 14:06:52] no_face
[2025-11-11 14:06:52] no_face
[2025-11-11 14:06:53] no_face
[2025-11-11 14:06:53] no_face
[2025-11-11 14:06:53] sound
[2025-11-11 14:06:53] no_face
[2025-11-11 14:06:53] no_face
[2025-11-11 14:06:53] no_face
[2025-11-11 14:06:53] no_face
[2025-11-11 14:06:53] no_face
[2025-11-11 14:06:53] no_face
[2025-11-11 14:06:53] no_face
[2025-11-11 14:06:53] no_face
[2025-11-11 14:06:53] no_face
[2025-11-11 14:06:53] no_face
[2025-11-11 14:06:53] no_face
[2025-11-11 14:06:53] no_face
[2025-11-11 14:06:54] no_face
[2025-11-11 14:06:54] no_face
[2025-11-11 14:06:54] no_face
[2025-11-11 14:06:54] no_face
[2025-11-11 14:06:54] no_face
[2025-11-11 14:06:54] no_face
[2025-11-11 14:06:54] no_face
[2025-11-11 14:06:54] no_face
[2025-11-11 14:06:54] no_face
[2025-11-11 14:06:54] no_face
[2025-11-11 14:06:54] no_face
[2025-11-11 14:06:54] no_face
[2025-11-11 14:06:54] no_face
[2025-11-11 14:06:54] no_face
[2025-11-11 14:06:55] no_face
[2025-11-11 14:06:55] no_face
[2025-11-11 14:06:55] no_face
[2025-11-11 14:06:55] no_face
[2025-11-11 14:06:55] no_face
[2025-11-11 14:06:55] no_face
[2025-11-11 14:06:55] no_face
[2025-11-11 14:06:55] no_face
[2025-11-11 14:06:55] no_face
[2025-11-11 14:06:55] no_face
[2025-11-11 14:06:55] no_face
[2025-11-11 14:06:56] no_face
[2025-11-11 14:06:56] no_face
[2025-11-11 14:06:56] no_face
[2025-11-11 14:06:56] no_face
[2025-11-11 14:06:56] no_face
[2025-11-11 14:06:56] no_face
[2025-11-11 14:06:56] no_face
[2025-11-11 14:06:56] no_face
[2025-11-11 14:06:56] no_face
[2025-11-11 14:06:56] no_face
[2025-11-11 14:06:56] no_face
[2025-11-11 14:06:56] no_face
[2025-11-11 14:06:56] no_face
[2025-11-11 14:06:56] no_face
[2025-11-11 14:06:56] no_face
[2025-11-11 14:06:56] no_face
[2025-11-11 14:06:57] no_face
[2025-11-11 14:06:57] no_face
[2025-11-11 14:06:57] no_face
[2025-11-11 14:06:57] no_face
[2025-11-11 14:06:57] no_face
[2025-11-11 14:06:57] no_face
[2025-11-11 14:06:57] no_face
[2025-11-11 14:06:57] no_face
[2025-11-11 14:06:57] no_face
[2025-11-11 14:06:57] no_face
[2025-11-11 14:06:57] no_face
[2025-11-11 14:06:57] no_face
[2025-11-11 14:06:57] no_face
[2025-11-11 14:06:57] no_face
[2025-11-11 14:06:57] no_face
[2025-11-11 14:06:57] no_face
[2025-11-11 14:06:57] no_face
[2025-11-11 14:06:58] no_face
[2025-11-11 14:06:58] no_face
[2025-11-11 14:06:58] no_face
[2025-11-11 14:06:58] no_face
[2025-11-11 14:06:58] no_face
[2025-11-11 14:06:58] no_face
[2025-11-11 14:06:58] no_face
[2025-11-11 14:06:58] no_face
[2025-11-11 14:06:58] no_face
[2025-11-11 14:06:58] movement
[2025-11-11 14:06:58] movement
[2025-11-11 14:06:59] movement
[2025-11-11 14:06:59] movement
[2025-11-11 14:07:01] sound
[2025-11-11 14:07:07] no_face
[2025-11-11 14:07:07] no_face
[2025-11-11 14:07:07] no_face
[2025-11-11 14:07:07] no_face
[2025-11-11 14:07:07] no_face
[2025-11-11 14:07:07] no_face
[2025-11-11 14:07:07] no_face
[2025-11-11 14:07:07] no_face
[2025-11-11 14:07:07] no_face
[2025-11-11 14:07:07] no_face
[2025-11-11 14:07:07] no_face
[2025-11-11 14:07:08] no_face
[2025-11-11 14:07:08] no_face
[2025-11-11 14:07:08] no_face
[2025-11-11 14:07:08] no_face
[2025-11-11 14:07:08] no_face
[2025-11-11 14:07:08] no_face
[2025-11-11 14:07:08] no_face
[2025-11-11 14:07:08] no_face
[2025-11-11 14:07:08] no_face
[2025-11-11 14:07:08] no_face
[2025-11-11 14:07:08] no_face
[2025-11-11 14:07:08] no_face
[2025-11-11 14:07:08] no_face
[2025-11-11 14:07:08] no_face
[2025-11-11 14:07:08] no_face
[2025-11-11 14:07:08] no_face
[2025-11-11 14:07:08] no_face
[2025-11-11 14:07:09] sound
[2025-11-11 14:07:18] no_face
[2025-11-11 14:07:20] no_face
[2025-11-11 14:07:25] no_face
[2025-11-11 14:07:25] no_face
[2025-11-11 14:07:25] no_face
[2025-11-11 14:07:25] no_face
[2025-11-11 14:07:25] no_face
[2025-11-11 14:07:26] no_face
[2025-11-11 14:07:26] no_face
[2025-11-11 14:07:26] no_face
[2025-11-11 14:07:26] no_face
[2025-11-11 14:07:26] no_face
[2025-11-11 14:07:26] no_face
[2025-11-11 14:07:26] no_face
[2025-11-11 14:07:26] no_face
[2025-11-11 14:07:26] no_face
[2025-11-11 14:07:26] no_face
[2025-11-11 14:07:26] no_face
[2025-11-11 14:07:26] no_face
[2025-11-11 14:07:26] no_face
[2025-11-11 14:07:26] no_face
[2025-11-11 14:07:26] no_face
[2025-11-11 14:07:26] no_face
[2025-11-11 14:07:26] no_face
[2025-11-11 14:07:26] no_face
[2025-11-11 14:07:26] no_face
[2025-11-11 14:07:26] no_face
[2025-11-11 14:07:26] no_face
[2025-11-11 14:07:26] no_face
[2025-11-11 14:07:26] no_face
[2025-11-11 14:07:26] no_face
[2025-11-11 14:07:26] no_face
[2025-11-11 14:07:26] no_face
[2025-11-11 14:07:26] no_face
[2025-11-11 14:07:26] no_face
[2025-11-11 14:07:26] no_face
[2025-11-11 14:07:27] no_face
[2025-11-11 14:07:27] no_face
[2025-11-11 14:07:27] no_face
[2025-11-11 14:07:27] no_face
[2025-11-11 14:07:27] no_face
[2025-11-11 14:07:27] no_face
[2025-11-11 14:07:27] no_face
[2025-11-11 14:07:27] no_face
[2025-11-11 14:07:27] no_face
[2025-11-11 14:07:27] no_face
[2025-11-11 14:07:27] no_face
[2025-11-11 14:07:27] no_face
[2025-11-11 14:07:27] no_face
[2025-11-11 14:07:27] no_face
[2025-11-11 14:07:27] no_face
[2025-11-11 14:07:27] no_face
[2025-11-11 14:07:27] no_face
[2025-11-11 14:07:27] no_face
[2025-11-11 14:07:27] no_face
[2025-11-11 14:07:27] no_face
[2025-11-11 14:07:27] no_face
[2025-11-11 14:07:27] no_face
[2025-11-11 14:07:27] no_face
[2025-11-11 14:07:27] no_face
[2025-11-11 14:07:27] no_face
[2025-11-11 14:07:27] no_face
[2025-11-11 14:07:27] no_face
[2025-11-11 14:07:28] no_face
[2025-11-11 14:07:28] no_face
[2025-11-11 14:07:28] no_face
[2025-11-11 14:07:28] no_face
[2025-11-11 14:07:28] no_face
[2025-11-11 14:07:28] no_face
[2025-11-11 14:07:28] no_face
[2025-11-11 14:07:28] no_face
[2025-11-11 14:07:28] no_face
[2025-11-11 14:07:28] no_face
[2025-11-11 14:07:28] no_face
[2025-11-11 14:07:28] no_face
[2025-11-11 14:07:28] no_face
[2025-11-11 14:07:28] no_face
[2025-11-11 14:07:28] no_face
[2025-11-11 14:07:28] no_face
[2025-11-11 14:07:28] no_face
[2025-11-11 14:07:28] no_face
[2025-11-11 14:07:29] no_face
[2025-11-11 14:07:29] no_face
[2025-11-11 14:07:29] no_face
[2025-11-11 14:07:29] no_face
[2025-11-11 14:07:29] no_face
[2025-11-11 14:07:29] no_face
[2025-11-11 14:07:29] no_face
[2025-11-11 14:07:29] no_face
[2025-11-11 14:07:29] no_face
[2025-11-11 14:07:29] no_face
[2025-11-11 14:07:29] no_face
[2025-11-11 14:07:29] no_face
[2025-11-11 14:07:29] no_face
[2025-11-11 14:07:29] no_face
[2025-11-11 14:07:29] no_face
[2025-11-11 14:07:29] no_face
[2025-11-11 14:07:29] no_face
[2025-11-11 14:07:29] no_face
[2025-11-11 14:07:30] no_face
[2025-11-11 14:07:30] no_face
[2025-11-11 14:07:30] no_face
[2025-11-11 14:07:30] no_face
[2025-11-11 14:07:30] no_face
[2025-11-11 14:07:30] no_face
[2025-11-11 14:07:30] no_face
[2025-11-11 14:07:30] no_face
[2025-11-11 14:07:30] no_face
[2025-11-11 14:07:30] no_face
[2025-11-11 14:07:30] no_face
[2025-11-11 14:07:30] no_face
[2025-11-11 14:07:30] no_face
[2025-11-11 14:07:30] no_face
[2025-11-11 14:07:30] no_face
[2025-11-11 14:07:30] no_face
[2025-11-11 14:07:30] no_face
[2025-11-11 14:07:30] no_face
[2025-11-11 14:07:30] no_face
[2025-11-11 14:07:30] no_face
[2025-11-11 14:07:30] no_face
[2025-11-11 14:07:30] no_face
[2025-11-11 14:07:30] no_face
[2025-11-11 14:07:30] no_face
[2025-11-11 14:07:30] no_face
[2025-11-11 14:07:30] no_face
[2025-11-11 14:07:30] no_face
[2025-11-11 14:07:30] no_face
[2025-11-11 14:07:30] no_face
[2025-11-11 14:07:31] no_face
[2025-11-11 14:07:31] no_face
[2025-11-11 14:07:31] no_face
[2025-11-11 14:07:31] no_face
[2025-11-11 14:07:31] no_face
[2025-11-11 14:07:31] no_face
[2025-11-11 14:07:31] no_face
[2025-11-11 14:07:31] no_face
[2025-11-11 14:07:31] no_face
[2025-11-11 14:07:31] no_face
[2025-11-11 14:07:31] no_face
[2025-11-11 14:07:31] no_face
[2025-11-11 14:07:31] no_face
[2025-11-11 14:07:31] no_face
[2025-11-11 14:07:31] no_face
[2025-11-11 14:07:31] no_face
[2025-11-11 14:07:31] no_face
[2025-11-11 14:07:31] no_face
[2025-11-11 14:07:31] no_face
[2025-11-11 14:07:31] no_face
[2025-11-11 14:07:31] no_face
[2025-11-11 14:07:31] no_face
[2025-11-11 14:07:31] no_face
[2025-11-11 14:07:31] no_face
[2025-11-11 14:07:31] no_face
[2025-11-11 14:07:31] no_face
[2025-11-11 14:07:31] no_face
[2025-11-11 14:07:31] no_face
[2025-11-11 14:07:32] no_face
[2025-11-11 14:07:32] no_face
[2025-11-11 14:07:32] no_face
[2025-11-11 14:07:32] no_face
[2025-11-11 14:07:32] no_face
[2025-11-11 14:07:32] no_face
[2025-11-11 14:07:32] no_face
[2025-11-11 14:07:32] no_face
[2025-11-11 14:07:32] no_face
[2025-11-11 14:07:32] no_face
[2025-11-11 14:07:32] no_face
[2025-11-11 14:07:32] no_face
[2025-11-11 14:07:32] no_face
[2025-11-11 14:07:32] no_face
[2025-11-11 14:07:32] no_face
[2025-11-11 14:07:32] no_face
[2025-11-11 14:07:32] no_face
[2025-11-11 14:07:33] no_face
[2025-11-11 14:07:33] no_face
[2025-11-11 14:07:33] no_face
[2025-11-11 14:07:33] no_face
[2025-11-11 14:07:36] no_face
[2025-11-11 14:07:36] no_face
[2025-11-11 14:07:36] no_face
[2025-11-11 14:07:36] no_face
[2025-11-11 14:07:36] no_face
[2025-11-11 14:07:36] no_face
[2025-11-11 14:07:36] no_face
[2025-11-11 14:07:36] no_face
[2025-11-11 14:07:36] no_face
[2025-11-11 14:07:36] no_face
[2025-11-11 14:07:36] no_face
[2025-11-11 14:07:36] no_face
[2025-11-11 14:07:37] no_face
[2025-11-11 14:07:37] no_face
[2025-11-11 14:07:37] no_face
[2025-11-11 14:07:37] no_face
[2025-11-11 14:07:37] no_face
[2025-11-11 14:07:37] no_face
[2025-11-11 14:07:37] no_face
[2025-11-11 14:07:37] no_face
[2025-11-11 14:07:37] no_face
[2025-11-11 14:07:37] no_face
[2025-11-11 14:07:37] no_face
[2025-11-11 14:07:37] no_face
[2025-11-11 14:07:37] no_face
[2025-11-11 14:07:37] no_face
[2025-11-11 14:07:37] no_face
[2025-11-11 14:07:37] no_face
[2025-11-11 14:07:37] no_face
[2025-11-11 14:07:37] no_face
[2025-11-11 14:07:37] no_face
[2025-11-11 14:07:37] no_face
[2025-11-11 14:07:37] no_face
[2025-11-11 14:07:37] no_face
[2025-11-11 14:07:37] no_face
[2025-11-11 14:07:37] no_face
[2025-11-11 14:07:37] no_face
[2025-11-11 14:07:37] no_face
[2025-11-11 14:07:37] no_face
[2025-11-11 14:07:37] no_face
[2025-11-11 14:07:37] no_face
[2025-11-11 14:07:38] no_face
[2025-11-11 14:07:38] no_face
[2025-11-11 14:07:38] no_face
[2025-11-11 14:07:38] no_face
[2025-11-11 14:07:38] no_face
[2025-11-11 14:07:38] no_face
[2025-11-11 14:07:38] no_face
[2025-11-11 14:07:38] no_face
[2025-11-11 14:07:38] no_face
[2025-11-11 14:07:38] no_face
[2025-11-11 14:07:38] no_face
[2025-11-11 14:07:38] no_face
[2025-11-11 14:07:38] no_face
[2025-11-11 14:07:38] no_face
[2025-11-11 14:07:38] no_face
[2025-11-11 14:07:38] no_face
[2025-11-11 14:07:38] no_face
[2025-11-11 14:07:38] no_face
[2025-11-11 14:07:38] no_face
[2025-11-11 14:07:38] no_face
[2025-11-11 14:07:38] no_face
[2025-11-11 14:07:38] no_face
[2025-11-11 14:07:38] no_face
[2025-11-11 14:07:38] no_face
[2025-11-11 14:07:38] no_face
[2025-11-11 14:07:38] no_face
[2025-11-11 14:07:38] no_face
[2025-11-11 14:07:38] no_face
[2025-11-11 14:07:38] no_face
[2025-11-11 14:07:39] no_face
[2025-11-11 14:07:39] no_face
[2025-11-11 14:07:39] no_face
[2025-11-11 14:07:39] no_face
[2025-11-11 14:07:39] no_face
[2025-11-11 14:07:39] no_face
[2025-11-11 14:07:39] no_face
[2025-11-11 14:07:39] no_face
[2025-11-11 14:07:39] no_face
[2025-11-11 14:07:39] no_face
[2025-11-11 14:07:39] no_face
[2025-11-11 14:07:39] no_face
[2025-11-11 14:07:39] no_face
[2025-11-11 14:07:39] no_face
[2025-11-11 14:07:39] no_face
[2025-11-11 14:07:39] no_face
[2025-11-11 14:07:39] no_face
[2025-11-11 14:07:39] no_face
[2025-11-11 14:07:39] no_face
[2025-11-11 14:07:39] no_face
[2025-11-11 14:07:39] no_face
[2025-11-11 14:07:39] no_face
[2025-11-11 14:07:39] no_face
[2025-11-11 14:07:39] no_face
[2025-11-11 14:07:39] no_face
[2025-11-11 14:07:40] no_face
